# project  configured on Sun Nov  6 16:40:39 2016 by
# waf 1.9.5 (abi 99, python 30502f0 on linux)
# using ./waf configure
#
----------------------------------------
Setting top to
/home/yolo/LCD_BACKUP
----------------------------------------
Setting out to
/home/yolo/LCD_BACKUP/build
----------------------------------------
Checking for program 'arm-none-eabi-gcc'
/usr/bin/arm-none-eabi-gcc
find program=['arm-none-eabi-gcc'] paths=['/home/yolo/.cargo/bin', '/usr/lib/oracle/product/11.2.0/xe/bin', '/usr/local/sbin', '/usr/local/bin', '/usr/bin', '/opt/cuda/bin', '/usr/lib/jvm/default/bin', '/usr/bin/site_perl', '/usr/bin/vendor_perl', '/usr/bin/core_perl'] var='CC' -> ['/usr/bin/arm-none-eabi-gcc']
--------------------------------------------
Checking for program 'arm-none-eabi-objcopy'
/usr/bin/arm-none-eabi-objcopy
find program=['arm-none-eabi-objcopy'] paths=['/home/yolo/.cargo/bin', '/usr/lib/oracle/product/11.2.0/xe/bin', '/usr/local/sbin', '/usr/local/bin', '/usr/bin', '/opt/cuda/bin', '/usr/lib/jvm/default/bin', '/usr/bin/site_perl', '/usr/bin/vendor_perl', '/usr/bin/core_perl'] var='CP' -> ['/usr/bin/arm-none-eabi-objcopy']
--------------------------------------------
Checking for program 'arm-none-eabi-as'
/usr/bin/arm-none-eabi-as
find program=['arm-none-eabi-as'] paths=['/home/yolo/.cargo/bin', '/usr/lib/oracle/product/11.2.0/xe/bin', '/usr/local/sbin', '/usr/local/bin', '/usr/bin', '/opt/cuda/bin', '/usr/lib/jvm/default/bin', '/usr/bin/site_perl', '/usr/bin/vendor_perl', '/usr/bin/core_perl'] var='ARM_NONE_EABI_AS' -> ['/usr/bin/arm-none-eabi-as']
--------------------------------------------
Checking for program 'gcc'
/usr/bin/gcc
find program=['gcc'] paths=['/home/yolo/.cargo/bin', '/usr/lib/oracle/product/11.2.0/xe/bin', '/usr/local/sbin', '/usr/local/bin', '/usr/bin', '/opt/cuda/bin', '/usr/lib/jvm/default/bin', '/usr/bin/site_perl', '/usr/bin/vendor_perl', '/usr/bin/core_perl'] var='GCC' -> ['/usr/bin/gcc']
